0 info it worked if it ends with ok
1 verbose cli [ '/usr/local/bin/node', '/usr/local/bin/npm', 'start' ]
2 info using npm@3.9.0
3 info using node@v4.4.4
4 verbose run-script [ 'prestart', 'start', 'poststart' ]
5 info lifecycle app@0.0.1~prestart: app@0.0.1
6 silly lifecycle app@0.0.1~prestart: no script for prestart, continuing
7 info lifecycle app@0.0.1~start: app@0.0.1
8 verbose lifecycle app@0.0.1~start: unsafe-perm in lifecycle true
9 verbose lifecycle app@0.0.1~start: PATH: /usr/local/lib/node_modules/npm/bin/node-gyp-bin:/Users/tunjisunmonu/work/BusMemeGenerator/node_modules/.bin:/usr/local/bin:/Users/tunjisunmonu/google-cloud-sdk/bin:/Users/tunjisunmonu/.dnx/runtimes/dnx-mono.1.0.0-rc2-20221/bin:/Users/tunjisunmonu/.dnx/bin:/usr/local/bin:/usr/bin:/bin:/usr/sbin:/sbin:/Users/tunjisunmonu/Library/Android/sdk/platform-tools/:/usr/local/bin/:/Users/tunjisunmonu/.rvm/bin:/Users/tunjisunmonu/apache-maven-3.3.9/bin:/Users/tunjisunmonu/apache-ant-1.9.6/bin:/Users/tunjisunmonu/Library/Android/sdk/tools:/Users/tunjisunmonu/Library/Android/sdk/platform_tools
10 verbose lifecycle app@0.0.1~start: CWD: /Users/tunjisunmonu/work/BusMemeGenerator
11 silly lifecycle app@0.0.1~start: Args: [ '-c', 'node app.js' ]
12 silly lifecycle app@0.0.1~start: Returned: code: 1  signal: null
13 info lifecycle app@0.0.1~start: Failed to exec start script
14 verbose stack Error: app@0.0.1 start: `node app.js`
14 verbose stack Exit status 1
14 verbose stack     at EventEmitter.<anonymous> (/usr/local/lib/node_modules/npm/lib/utils/lifecycle.js:245:16)
14 verbose stack     at emitTwo (events.js:87:13)
14 verbose stack     at EventEmitter.emit (events.js:172:7)
14 verbose stack     at ChildProcess.<anonymous> (/usr/local/lib/node_modules/npm/lib/utils/spawn.js:24:14)
14 verbose stack     at emitTwo (events.js:87:13)
14 verbose stack     at ChildProcess.emit (events.js:172:7)
14 verbose stack     at maybeClose (internal/child_process.js:827:16)
14 verbose stack     at Process.ChildProcess._handle.onexit (internal/child_process.js:211:5)
15 verbose pkgid app@0.0.1
16 verbose cwd /Users/tunjisunmonu/work/BusMemeGenerator
17 error Darwin 15.4.0
18 error argv "/usr/local/bin/node" "/usr/local/bin/npm" "start"
19 error node v4.4.4
20 error npm  v3.9.0
21 error code ELIFECYCLE
22 error app@0.0.1 start: `node app.js`
22 error Exit status 1
23 error Failed at the app@0.0.1 start script 'node app.js'.
23 error Make sure you have the latest version of node.js and npm installed.
23 error If you do, this is most likely a problem with the app package,
23 error not with npm itself.
23 error Tell the author that this fails on your system:
23 error     node app.js
23 error You can get information on how to open an issue for this project with:
23 error     npm bugs app
23 error Or if that isn't available, you can get their info via:
23 error     npm owner ls app
23 error There is likely additional logging output above.
24 verbose exit [ 1, true ]
